Determining if the pthread_create exist failed with the following output:
Change Dir: /home/aluno/catkin_ws/build/CMakeFiles/CMakeTmp

Run Build Command:/usr/bin/make "cmTryCompileExec500767532/fast"
/usr/bin/make -f CMakeFiles/cmTryCompileExec500767532.dir/build.make CMakeFiles/cmTryCompileExec500767532.dir/build
make[1]: Entering directory `/home/aluno/catkin_ws/build/CMakeFiles/CMakeTmp'
/usr/bin/cmake -E cmake_progress_report /home/aluno/catkin_ws/build/CMakeFiles/CMakeTmp/CMakeFiles 1
Building C object CMakeFiles/cmTryCompileExec500767532.dir/CheckSymbolExists.c.o
/usr/bin/cc    -o CMakeFiles/cmTryCompileExec500767532.dir/CheckSymbolExists.c.o   -c /home/aluno/catkin_ws/build/CMakeFiles/CMakeTmp/CheckSymbolExists.c
Linking C executable cmTryCompileExec500767532
/usr/bin/cmake -E cmake_link_script CMakeFiles/cmTryCompileExec500767532.dir/link.txt --verbose=1
/usr/bin/cc       CMakeFiles/cmTryCompileExec500767532.dir/CheckSymbolExists.c.o  -o cmTryCompileExec500767532 -rdynamic 
CMakeFiles/cmTryCompileExec500767532.dir/CheckSymbolExists.c.o: In function `main':
CheckSymbolExists.c:(.text+0x16): undefined reference to `pthread_create'
collect2: error: ld returned 1 exit status
make[1]: *** [cmTryCompileExec500767532] Error 1
make[1]: Leaving directory `/home/aluno/catkin_ws/build/CMakeFiles/CMakeTmp'
make: *** [cmTryCompileExec500767532/fast] Error 2

File /home/aluno/catkin_ws/build/CMakeFiles/CMakeTmp/CheckSymbolExists.c:
/* */
#include <pthread.h>

int main(int argc, char** argv)
{
  (void)argv;
#ifndef pthread_create
  return ((int*)(&pthread_create))[argc];
#else
  (void)argc;
  return 0;
#endif
}

Determining if the function pthread_create exists in the pthreads failed with the following output:
Change Dir: /home/aluno/catkin_ws/build/CMakeFiles/CMakeTmp

Run Build Command:/usr/bin/make "cmTryCompileExec3378567923/fast"
/usr/bin/make -f CMakeFiles/cmTryCompileExec3378567923.dir/build.make CMakeFiles/cmTryCompileExec3378567923.dir/build
make[1]: Entering directory `/home/aluno/catkin_ws/build/CMakeFiles/CMakeTmp'
/usr/bin/cmake -E cmake_progress_report /home/aluno/catkin_ws/build/CMakeFiles/CMakeTmp/CMakeFiles 1
Building C object CMakeFiles/cmTryCompileExec3378567923.dir/CheckFunctionExists.c.o
/usr/bin/cc   -DCHECK_FUNCTION_EXISTS=pthread_create   -o CMakeFiles/cmTryCompileExec3378567923.dir/CheckFunctionExists.c.o   -c /usr/share/cmake-2.8/Modules/CheckFunctionExists.c
Linking C executable cmTryCompileExec3378567923
/usr/bin/cmake -E cmake_link_script CMakeFiles/cmTryCompileExec3378567923.dir/link.txt --verbose=1
/usr/bin/cc   -DCHECK_FUNCTION_EXISTS=pthread_create    CMakeFiles/cmTryCompileExec3378567923.dir/CheckFunctionExists.c.o  -o cmTryCompileExec3378567923 -rdynamic -lpthreads 
/usr/bin/ld: cannot find -lpthreads
collect2: error: ld returned 1 exit status
make[1]: *** [cmTryCompileExec3378567923] Error 1
make[1]: Leaving directory `/home/aluno/catkin_ws/build/CMakeFiles/CMakeTmp'
make: *** [cmTryCompileExec3378567923/fast] Error 2


